2020.12.04 12:50:24 INFO  Started: Metals version 0.9.7 in workspace 'C:\Users\User\Documents\projects\intro-to-scala' for client vscode.
2020.12.04 12:50:28 INFO  time: initialize in 4.23s
2020.12.04 12:50:30 WARN  Build server is not auto-connectable.
2020.12.04 12:50:30 WARN  no build target for: C:\Users\User\Documents\projects\intro-to-scala\src\main\scala\introcourse\level01\IntroExercises.scala
2020.12.04 12:50:39 INFO  no build target: using presentation compiler with only scala-library
Dec. 04, 2020 12:50:39 PM org.eclipse.lsp4j.jsonrpc.RemoteEndpoint handleCancellation
WARNING: Unmatched cancel notification for request id 2
2020.12.04 12:50:43 INFO  running 'C:\Program Files\Java\jdk-11.0.9\bin\java -Djline.terminal=jline.UnsupportedTerminal -Dsbt.log.noformat=true -Dfile.encoding=UTF-8 -jar C:\Users\User\AppData\Local\Temp\metals16911227320914797402\sbt-launch.jar -Dbloop.export-jar-classifiers=sources bloopInstall'
2020.12.04 12:50:44 ERROR [info] [launcher] getting org.fusesource.jansi jansi 1.11  (this may take some time)...
2020.12.04 12:50:59 ERROR downloading https://repo1.maven.org/maven2/org/fusesource/jansi/jansi/1.11/jansi-1.11.jar ...
2020.12.04 12:50:59 ERROR :: loading settings :: url = jar:file:/C:/Users/User/AppData/Local/Temp/metals16911227320914797402/sbt-launch.jar!/org/apache/ivy/core/settings/ivysettings.xml
2020.12.04 12:51:00 ERROR 	[SUCCESSFUL ] org.fusesource.jansi#jansi;1.11!jansi.jar (1062ms)
2020.12.04 12:51:00 ERROR :: retrieving :: org.scala-sbt#boot-jansi
2020.12.04 12:51:00 ERROR 	confs: [default]
2020.12.04 12:51:00 ERROR :: loading settings :: url = jar:file:/C:/Users/User/AppData/Local/Temp/metals16911227320914797402/sbt-launch.jar!/org/apache/ivy/core/settings/ivysettings.xml
2020.12.04 12:51:00 ERROR 	1 artifacts copied, 0 already retrieved
2020.12.04 12:51:05 INFO  [info] welcome to sbt 1.3.13 (Oracle Corporation Java 11.0.9)
2020.12.04 12:51:10 INFO  [info] loading settings for project intro-to-scala-build-build-build from metals.sbt ...
2020.12.04 12:51:10 INFO  [info] loading project definition from C:\Users\User\Documents\projects\intro-to-scala\project\project\project
2020.12.04 12:51:20 INFO  [warn] There may be incompatibilities among your library dependencies; run 'evicted' to see detailed eviction warnings.
2020.12.04 12:51:22 INFO  [info] loading settings for project intro-to-scala-build-build from metals.sbt ...
2020.12.04 12:51:22 INFO  [info] loading project definition from C:\Users\User\Documents\projects\intro-to-scala\project\project
2020.12.04 12:51:25 INFO  [warn] There may be incompatibilities among your library dependencies; run 'evicted' to see detailed eviction warnings.
2020.12.04 12:51:31 INFO  [success] Generated .bloop\intro-to-scala-build-build.json
2020.12.04 12:51:31 INFO  [success] Total time: 8 s, completed 4 Dec. 2020, 12:51:31 pm
2020.12.04 12:51:33 INFO  [info] loading settings for project intro-to-scala-build from metals.sbt,plugins.sbt ...
2020.12.04 12:51:33 INFO  [info] loading project definition from C:\Users\User\Documents\projects\intro-to-scala\project
2020.12.04 12:51:34 INFO  [warn] There may be incompatibilities among your library dependencies; run 'evicted' to see detailed eviction warnings.
2020.12.04 12:51:34 INFO  [success] Generated .bloop\intro-to-scala-build.json
2020.12.04 12:51:34 INFO  [success] Total time: 2 s, completed 4 Dec. 2020, 12:51:35 pm
2020.12.04 12:51:39 INFO  [info] loading settings for project intro-to-scala from build.sbt,delight.sbt,wartremover.sbt ...
2020.12.04 12:51:39 INFO  [info] set current project to intro-to-scala (in build file:/C:/Users/User/Documents/projects/intro-to-scala/)
2020.12.04 12:51:43 INFO  [success] Generated .bloop\intro-to-scala-test.json
2020.12.04 12:51:43 INFO  [success] Generated .bloop\intro-to-scala.json
2020.12.04 12:51:43 INFO  [success] Total time: 4 s, completed 4 Dec. 2020, 12:51:43 pm
2020.12.04 12:51:43 INFO  sbt bloopInstall exit: 0
2020.12.04 12:51:43 INFO  time: ran 'sbt bloopInstall' in 1m
2020.12.04 12:51:43 INFO  Attempting to connect to the build server...
Starting the bsp launcher for bloop...
Opening a bsp server connection with 'bsp --protocol tcp --port 31491'...
Waiting for the bsp connection to come up...
Waiting for the bsp connection to come up...
Waiting for the bsp connection to come up...
Waiting for the bsp connection to come up...
Waiting for the bsp connection to come up...
2020.12.04 12:51:52 WARN  code navigation does not work for the file 'C:\Users\User\Documents\projects\intro-to-scala\src\main\scala\introcourse\level01\IntroExercises.scala' because it doesn't belong to a build target.
2020.12.04 12:51:52 WARN  code navigation does not work for the file 'C:\Users\User\Documents\projects\intro-to-scala\src\main\scala\introcourse\level01\IntroExercises.scala' because it doesn't belong to a build target.
2020.12.04 12:51:52 WARN  code navigation does not work for the file 'C:\Users\User\Documents\projects\intro-to-scala\src\main\scala\introcourse\level01\IntroExercises.scala' because it doesn't belong to a build target.
Waiting for the bsp connection to come up...
2020.12.04 12:51:54 WARN  no build target for: C:\Users\User\Documents\projects\intro-to-scala\src\main\scala\introcourse\level01\IntroExercises.scala
Waiting for the bsp connection to come up...
Waiting for the bsp connection to come up...
Waiting for the bsp connection to come up...
Waiting for the bsp connection to come up...
Waiting for the bsp connection to come up...
Waiting for the bsp connection to come up...
Waiting for the bsp connection to come up...
Waiting for the bsp connection to come up...
Waiting for the bsp connection to come up...
Waiting for the bsp connection to come up...
Waiting for the bsp connection to come up...
Waiting for the bsp connection to come up...
Waiting for the bsp connection to come up...
Waiting for the bsp connection to come up...
Waiting for the bsp connection to come up...
Waiting for the bsp connection to come up...
No server running at 127.0.0.1:8212, let's fire one...
Resolving ch.epfl.scala:bloop-frontend_2.12:1.4.5-6-4768184c...
Starting bloop server at 127.0.0.1:8212...
Attempting a connection to the server...
[0m[32m[D][0m Loading 2 projects from 'c:\Users\User\Documents\projects\intro-to-scala\.bloop'...
[0m[32m[D][0m Loading project from 'c:\Users\User\Documents\projects\intro-to-scala\.bloop\intro-to-scala.json'
[0m[32m[D][0m Loading project from 'c:\Users\User\Documents\projects\intro-to-scala\.bloop\intro-to-scala-test.json'
[0m[32m[D][0m Cache miss for scala instance org.scala-lang:scala-compiler:2.13.3.
[0m[32m[D][0m   => C:\Users\User\AppData\Local\Coursier\cache\v1\https\repo1.maven.org\maven2\net\java\dev\jna\jna\5.3.1\jna-5.3.1.jar
[0m[32m[D][0m   => C:\Users\User\AppData\Local\Coursier\cache\v1\https\repo1.maven.org\maven2\org\jline\jline\3.15.0\jline-3.15.0.jar
[0m[32m[D][0m   => C:\Users\User\AppData\Local\Coursier\cache\v1\https\repo1.maven.org\maven2\org\scala-lang\scala-compiler\2.13.3\scala-compiler-2.13.3.jar
[0m[32m[D][0m   => C:\Users\User\AppData\Local\Coursier\cache\v1\https\repo1.maven.org\maven2\org\scala-lang\scala-library\2.13.3\scala-library-2.13.3.jar
[0m[32m[D][0m   => C:\Users\User\AppData\Local\Coursier\cache\v1\https\repo1.maven.org\maven2\org\scala-lang\scala-reflect\2.13.3\scala-reflect-2.13.3.jar
[0m[32m[D][0m Missing analysis file for project 'intro-to-scala'
[0m[32m[D][0m Missing analysis file for project 'intro-to-scala-test'
[0m[32m[D][0m Waiting for a connection at 127.0.0.1:31491...
The server is listening for incoming connections at tcp://127.0.0.1:31491...
Starting thread that pumps stdin and redirects it to the bsp server...
Starting thread that pumps server stdout and redirects it to the client stdout...
2020.12.04 12:52:21 INFO  tracing is disabled for protocol BSP, to enable tracing of incoming and outgoing JSON messages create an empty file at C:\Users\User\AppData\Local\scalameta\metals\cache\bsp.trace.json
2020.12.04 12:52:29 INFO  Attempting to connect to the build server...
Starting the bsp launcher for bloop...
2020.12.04 12:52:29 INFO  Attempting to connect to the build server...
Opening a bsp server connection with 'bsp --protocol tcp --port 42745'...
Waiting for the bsp connection to come up...
Starting the bsp launcher for bloop...
Opening a bsp server connection with 'bsp --protocol tcp --port 43855'...
Waiting for the bsp connection to come up...
[0m[32m[D][0m Loading workspace settings from bloop.settings.json
[0m[32m[D][0m Waiting for a connection at 127.0.0.1:42745...
The server is listening for incoming connections at tcp://127.0.0.1:42745...
Starting thread that pumps stdin and redirects it to the bsp server...
Starting thread that pumps server stdout and redirects it to the client stdout...
[0m[32m[D][0m Loading workspace settings from bloop.settings.json
[0m[32m[D][0m Waiting for a connection at 127.0.0.1:43855...
The server is listening for incoming connections at tcp://127.0.0.1:43855...
Starting thread that pumps stdin and redirects it to the bsp server...
Starting thread that pumps server stdout and redirects it to the client stdout...
2020.12.04 12:52:30 INFO  tracing is disabled for protocol BSP, to enable tracing of incoming and outgoing JSON messages create an empty file at C:\Users\User\AppData\Local\scalameta\metals\cache\bsp.trace.json
2020.12.04 12:52:30 INFO  tracing is disabled for protocol BSP, to enable tracing of incoming and outgoing JSON messages create an empty file at C:\Users\User\AppData\Local\scalameta\metals\cache\bsp.trace.json
2020.12.04 12:52:36 INFO  time: connected to build server in 52s
2020.12.04 12:52:36 INFO  Connected to Build server v1.4.5-6-4768184c
2020.12.04 12:52:36 INFO  time: imported build in 0.22s
2020.12.04 12:52:45 INFO  time: indexed workspace in 8.91s
2020.12.04 12:52:47 INFO  compiling intro-to-scala (15 scala sources)
2020.12.04 12:53:15 INFO  time: compiled intro-to-scala in 28s
2020.12.04 12:55:12 INFO  compiling intro-to-scala (15 scala sources)
2020.12.04 12:55:15 INFO  time: compiled intro-to-scala in 2.77s
2020.12.04 12:55:29 ERROR code navigation does not work for the file 'C:\Users\User\Documents\projects\intro-to-scala\src\main\scala\introcourse\level01\IntroExercises.scala' because the SemanticDB file 'C:\Users\User\Documents\projects\intro-to-scala\.bloop\intro-to-scala\bloop-bsp-clients-classes\classes-Metals-XL8qEN_nTMOEdX3R1do9Xg==\META-INF\semanticdb\src\main\scala\introcourse\level01\IntroExercises.scala.semanticdb' doesn't exist. There can be many reasons for this error. 
2020.12.04 12:56:28 ERROR code navigation does not work for the file 'C:\Users\User\Documents\projects\intro-to-scala\src\main\scala\introcourse\level01\IntroExercises.scala' because the SemanticDB file 'C:\Users\User\Documents\projects\intro-to-scala\.bloop\intro-to-scala\bloop-bsp-clients-classes\classes-Metals-XL8qEN_nTMOEdX3R1do9Xg==\META-INF\semanticdb\src\main\scala\introcourse\level01\IntroExercises.scala.semanticdb' doesn't exist. There can be many reasons for this error. 
2020.12.04 12:56:29 INFO  compiling intro-to-scala (15 scala sources)
2020.12.04 12:56:30 INFO  time: compiled intro-to-scala in 1.7s
2020.12.04 12:56:32 INFO  compiling intro-to-scala (15 scala sources)
2020.12.04 12:56:34 INFO  time: compiled intro-to-scala in 1.32s
2020.12.04 12:56:39 INFO  compiling intro-to-scala (15 scala sources)
2020.12.04 12:56:40 INFO  time: compiled intro-to-scala in 1.18s
2020.12.04 12:57:59 ERROR code navigation does not work for the file 'C:\Users\User\Documents\projects\intro-to-scala\src\main\scala\introcourse\level01\IntroExercises.scala' because the SemanticDB file 'C:\Users\User\Documents\projects\intro-to-scala\.bloop\intro-to-scala\bloop-bsp-clients-classes\classes-Metals-XL8qEN_nTMOEdX3R1do9Xg==\META-INF\semanticdb\src\main\scala\introcourse\level01\IntroExercises.scala.semanticdb' doesn't exist. There can be many reasons for this error. 
2020.12.04 12:58:11 ERROR code navigation does not work for the file 'C:\Users\User\Documents\projects\intro-to-scala\src\main\scala\introcourse\level01\IntroExercises.scala' because the SemanticDB file 'C:\Users\User\Documents\projects\intro-to-scala\.bloop\intro-to-scala\bloop-bsp-clients-classes\classes-Metals-XL8qEN_nTMOEdX3R1do9Xg==\META-INF\semanticdb\src\main\scala\introcourse\level01\IntroExercises.scala.semanticdb' doesn't exist. There can be many reasons for this error. 
2020.12.04 12:58:14 ERROR code navigation does not work for the file 'C:\Users\User\Documents\projects\intro-to-scala\src\main\scala\introcourse\level01\IntroExercises.scala' because the SemanticDB file 'C:\Users\User\Documents\projects\intro-to-scala\.bloop\intro-to-scala\bloop-bsp-clients-classes\classes-Metals-XL8qEN_nTMOEdX3R1do9Xg==\META-INF\semanticdb\src\main\scala\introcourse\level01\IntroExercises.scala.semanticdb' doesn't exist. There can be many reasons for this error. 
2020.12.04 12:58:21 ERROR code navigation does not work for the file 'C:\Users\User\Documents\projects\intro-to-scala\src\main\scala\introcourse\level01\IntroExercises.scala' because the SemanticDB file 'C:\Users\User\Documents\projects\intro-to-scala\.bloop\intro-to-scala\bloop-bsp-clients-classes\classes-Metals-XL8qEN_nTMOEdX3R1do9Xg==\META-INF\semanticdb\src\main\scala\introcourse\level01\IntroExercises.scala.semanticdb' doesn't exist. There can be many reasons for this error. 
2020.12.04 12:58:22 ERROR code navigation does not work for the file 'C:\Users\User\Documents\projects\intro-to-scala\src\main\scala\introcourse\level01\IntroExercises.scala' because the SemanticDB file 'C:\Users\User\Documents\projects\intro-to-scala\.bloop\intro-to-scala\bloop-bsp-clients-classes\classes-Metals-XL8qEN_nTMOEdX3R1do9Xg==\META-INF\semanticdb\src\main\scala\introcourse\level01\IntroExercises.scala.semanticdb' doesn't exist. There can be many reasons for this error. 
2020.12.04 12:58:22 ERROR code navigation does not work for the file 'C:\Users\User\Documents\projects\intro-to-scala\src\main\scala\introcourse\level01\IntroExercises.scala' because the SemanticDB file 'C:\Users\User\Documents\projects\intro-to-scala\.bloop\intro-to-scala\bloop-bsp-clients-classes\classes-Metals-XL8qEN_nTMOEdX3R1do9Xg==\META-INF\semanticdb\src\main\scala\introcourse\level01\IntroExercises.scala.semanticdb' doesn't exist. There can be many reasons for this error. 
2020.12.04 12:58:28 ERROR code navigation does not work for the file 'C:\Users\User\Documents\projects\intro-to-scala\src\main\scala\introcourse\level01\IntroExercises.scala' because the SemanticDB file 'C:\Users\User\Documents\projects\intro-to-scala\.bloop\intro-to-scala\bloop-bsp-clients-classes\classes-Metals-XL8qEN_nTMOEdX3R1do9Xg==\META-INF\semanticdb\src\main\scala\introcourse\level01\IntroExercises.scala.semanticdb' doesn't exist. There can be many reasons for this error. 
2020.12.04 12:58:44 ERROR code navigation does not work for the file 'C:\Users\User\Documents\projects\intro-to-scala\src\main\scala\introcourse\level01\IntroExercises.scala' because the SemanticDB file 'C:\Users\User\Documents\projects\intro-to-scala\.bloop\intro-to-scala\bloop-bsp-clients-classes\classes-Metals-XL8qEN_nTMOEdX3R1do9Xg==\META-INF\semanticdb\src\main\scala\introcourse\level01\IntroExercises.scala.semanticdb' doesn't exist. There can be many reasons for this error. 
2020.12.04 12:58:46 ERROR code navigation does not work for the file 'C:\Users\User\Documents\projects\intro-to-scala\src\main\scala\introcourse\level01\IntroExercises.scala' because the SemanticDB file 'C:\Users\User\Documents\projects\intro-to-scala\.bloop\intro-to-scala\bloop-bsp-clients-classes\classes-Metals-XL8qEN_nTMOEdX3R1do9Xg==\META-INF\semanticdb\src\main\scala\introcourse\level01\IntroExercises.scala.semanticdb' doesn't exist. There can be many reasons for this error. 
2020.12.04 12:58:46 ERROR code navigation does not work for the file 'C:\Users\User\Documents\projects\intro-to-scala\src\main\scala\introcourse\level01\IntroExercises.scala' because the SemanticDB file 'C:\Users\User\Documents\projects\intro-to-scala\.bloop\intro-to-scala\bloop-bsp-clients-classes\classes-Metals-XL8qEN_nTMOEdX3R1do9Xg==\META-INF\semanticdb\src\main\scala\introcourse\level01\IntroExercises.scala.semanticdb' doesn't exist. There can be many reasons for this error. 
2020.12.04 13:01:00 INFO  compiling intro-to-scala (15 scala sources)
2020.12.04 13:01:11 INFO  time: compiled intro-to-scala in 11s
Dec. 04, 2020 1:07:04 PM org.eclipse.lsp4j.jsonrpc.RemoteEndpoint handleCancellation
WARNING: Unmatched cancel notification for request id 973
Dec. 04, 2020 1:07:04 PM org.eclipse.lsp4j.jsonrpc.RemoteEndpoint handleCancellation
WARNING: Unmatched cancel notification for request id 976
2020.12.04 13:10:14 INFO  compiling intro-to-scala (1 scala source)
2020.12.04 13:10:18 INFO  time: compiled intro-to-scala in 3.68s
2020.12.04 13:13:32 INFO  compiling intro-to-scala (1 scala source)
2020.12.04 13:13:32 INFO  time: compiled intro-to-scala in 0.42s
2020.12.04 13:13:52 INFO  compiling intro-to-scala (1 scala source)
2020.12.04 13:13:52 INFO  time: compiled intro-to-scala in 0.54s
2020.12.04 13:14:01 INFO  compiling intro-to-scala (1 scala source)
2020.12.04 13:14:01 INFO  time: compiled intro-to-scala in 0.41s
2020.12.04 13:14:41 INFO  compiling intro-to-scala (1 scala source)
2020.12.04 13:14:43 INFO  time: compiled intro-to-scala in 2.44s
Dec. 04, 2020 1:14:50 PM org.eclipse.lsp4j.jsonrpc.RemoteEndpoint handleCancellation
WARNING: Unmatched cancel notification for request id 1698
2020.12.04 13:16:04 INFO  compiling intro-to-scala (1 scala source)
2020.12.04 13:16:06 INFO  time: compiled intro-to-scala in 2.03s
2020.12.04 13:18:54 INFO  compiling intro-to-scala (1 scala source)
2020.12.04 13:18:56 INFO  time: compiled intro-to-scala in 2.12s
